=== Suite started at 2023-10-02 07:13:17
=== Starting test, 3 test cases
=cases         3
=user          cobbi
=host          cobbi
=hosts         cobbi 
=emulator_vsn  12.2.1
=emulator      beam
=otp_release   24
=started       2023-10-02 07:13:17
=case          homework6_SUITE:init_per_suite
=logfile       homework6_suite.init_per_suite.html
=started       2023-10-02 07:13:17
=ended         2023-10-02 07:13:17
=result        ok
=elapsed       0.002677
=case          homework6_SUITE:homework6_create_test
=logfile       homework6_suite.homework6_create_test.html
=started       2023-10-02 07:13:17
=ended         2023-10-02 07:13:17
=result        failed: {{badmatch,{new,ok}},
                        [{homework6_SUITE,homework6_create_test,1,
                             [{file,"test/homework6_SUITE.erl"},{line,17}]},
                         {test_server,ts_tc,3,
                             [{file,"test_server.erl"},{line,1783}]},
                         {test_server,run_test_case_eval1,6,
                             [{file,"test_server.erl"},{line,1292}]},
                         {test_server,run_test_case_eval,9,
                             [{file,"test_server.erl"},{line,1224}]}]}, [{homework6_SUITE,
                                                                          homework6_create_test,
                                                                          17},
                                                                         {test_server,
                                                                          ts_tc,
                                                                          1783},
                                                                         {test_server,
                                                                          run_test_case_eval1,
                                                                          1292},
                                                                         {test_server,
                                                                          run_test_case_eval,
                                                                          1224}]
=== *** FAILED test case 1 of 3 ***
=case          homework6_SUITE:homework_insert_test
=logfile       homework6_suite.homework_insert_test.html
=started       2023-10-02 07:13:17
=ended         2023-10-02 07:13:17
=result        failed: {{badmatch,{insert,ok}},
                        [{homework6_SUITE,homework_insert_test,1,
                             [{file,"test/homework6_SUITE.erl"},{line,21}]},
                         {test_server,ts_tc,3,
                             [{file,"test_server.erl"},{line,1783}]},
                         {test_server,run_test_case_eval1,6,
                             [{file,"test_server.erl"},{line,1292}]},
                         {test_server,run_test_case_eval,9,
                             [{file,"test_server.erl"},{line,1224}]}]}, [{homework6_SUITE,
                                                                          homework_insert_test,
                                                                          21},
                                                                         {test_server,
                                                                          ts_tc,
                                                                          1783},
                                                                         {test_server,
                                                                          run_test_case_eval1,
                                                                          1292},
                                                                         {test_server,
                                                                          run_test_case_eval,
                                                                          1224}]
=== *** FAILED test case 2 of 3 ***
=case          homework6_SUITE:homework_lookup_test
=logfile       homework6_suite.homework_lookup_test.html
=started       2023-10-02 07:13:17
=ended         2023-10-02 07:13:22
=result        ok
=elapsed       5.000919
=case          homework6_SUITE:end_per_suite
=logfile       homework6_suite.end_per_suite.html
=started       2023-10-02 07:13:22
=ended         2023-10-02 07:13:22
=result        ok
=elapsed       0.001479
=group_time    5.147s
=== TEST COMPLETE, 1 ok, 2 failed of 3 test cases

=finished      2023-10-02 07:13:22
=failed        2
=successful    1
=user_skipped  0
=auto_skipped  0
